
echoInputs:
[echoproperties] #Ant properties
[echoproperties] #Thu Jun 15 14:55:46 ART 2017
[echoproperties] androidCertificate=C\:/Users/m.diaz/edgeConnectV5.4/RTE/Projects/BanescoTCMB/VE/TCMB/Solutions/RetailMobile/hybrid/android/certificates/keystore
[echoproperties] androidMessages=C\:/Users/m.diaz/edgeConnectV5.4/RTE/Projects/BanescoTCMB/VE/TCMB/Solutions/RetailMobile/hybrid/android/messages
[echoproperties] androidResources=C\:/Users/m.diaz/edgeConnectV5.4/RTE/Projects/BanescoTCMB/VE/TCMB/Solutions/RetailMobile/hybrid/android/res
[echoproperties] ant.core.lib=C\:\\Program Files\\Temenos\\edgeConnect\\lib\\ant.jar
[echoproperties] ant.file=C\:\\Program Files\\Temenos\\edgeConnect\\IDE\\.\\hybriddeploy.xml
[echoproperties] ant.file.Packager=C\:\\Program Files\\Temenos\\edgeConnect\\IDE\\hybriddeploy.xml
[echoproperties] ant.file.type.Packager=file
[echoproperties] ant.java.version=1.7
[echoproperties] ant.project.default-target=package
[echoproperties] ant.project.name=Packager
[echoproperties] ant.version=Apache Ant(TM) version 1.8.4 compiled on May 22 2012
[echoproperties] awt.toolkit=sun.awt.windows.WToolkit
[echoproperties] basedir=C\:\\Program Files\\Temenos\\edgeConnect\\IDE
[echoproperties] connectidedir=.
[echoproperties] connectuseridedir=C\:/Users/m.diaz/edgeConnectV5.4/IDE
[echoproperties] cordovaPlugins=C\:/Users/m.diaz/edgeConnectV5.4/RTE/Projects/BanescoTCMB/VE/TCMB/Solutions/RetailMobile/hybrid/cordovaPlugins
[echoproperties] file.encoding=Cp1252
[echoproperties] file.encoding.pkg=sun.io
[echoproperties] file.separator=\\
[echoproperties] iosMessages=C\:/Users/m.diaz/edgeConnectV5.4/RTE/Projects/BanescoTCMB/VE/TCMB/Solutions/RetailMobile/hybrid/ios/messages
[echoproperties] java.awt.graphicsenv=sun.awt.Win32GraphicsEnvironment
[echoproperties] java.awt.printerjob=sun.awt.windows.WPrinterJob
[echoproperties] java.class.path=C\:\\Program Files\\Temenos\\edgeConnect\\lib\\jaxr-api.jar;C\:\\Program Files\\Temenos\\edgeConnect\\lib\\servlet-api-3.0.jar;C\:\\Program Files\\Temenos\\edgeConnect\\lib\\jetty-util-9.0.4.jar;C\:\\Program Files\\Temenos\\edgeConnect\\lib\\json-20080701.jar;C\:\\Program Files\\Temenos\\edgeConnect\\lib\\core-renderer.jar;C\:\\Program Files\\Temenos\\edgeConnect\\lib\\jfreechart-1.0.13.jar;C\:\\Program Files\\Temenos\\edgeConnect\\lib\\jetty-continuation-9.0.4.jar;C\:\\Program Files\\Temenos\\edgeConnect\\lib\\commons-logging-1.1.1.jar;C\:\\Program Files\\Temenos\\edgeConnect\\lib\\jawin.jar;C\:\\Program Files\\Temenos\\edgeConnect\\lib\\ant-contrib-1.0b3.jar;C\:\\Program Files\\Temenos\\edgeConnect\\lib\\jetty-server-9.0.4.jar;C\:\\Program Files\\Temenos\\edgeConnect\\lib\\GCL.jar;C\:\\Program Files\\Temenos\\edgeConnect\\lib\\activation.jar;C\:\\Program Files\\Temenos\\edgeConnect\\lib\\mail.jar;C\:\\Program Files\\Temenos\\edgeConnect\\jenkins\\slave.jar;C\:\\Program Files\\Temenos\\edgeConnect\\lib\\jetty-http-9.0.4.jar;C\:\\Program Files\\Temenos\\edgeConnect\\lib\\guava-13.0.1.jar;C\:\\Program Files\\Temenos\\edgeConnect\\lib\\saaj-impl.jar;C\:\\Program Files\\Temenos\\edgeConnect\\lib\\commons-exec-1.3.jar;C\:\\Program Files\\Temenos\\edgeConnect\\lib\\jetty-xml-9.0.4.jar;C\:\\Program Files\\Temenos\\edgeConnect\\lib\\saaj-coms.jar;C\:\\Program Files\\Temenos\\edgeConnect\\lib\\jetty-servlet-9.0.4.jar;C\:\\Program Files\\Temenos\\edgeConnect\\lib\\jdbm-0.12.jar;C\:\\Program Files\\Temenos\\edgeConnect\\lib\\iforms.jar;C\:\\Program Files\\Temenos\\edgeConnect\\lib\\jaxrpc-api.jar;C\:\\Program Files\\Temenos\\edgeConnect\\lib\\HTMLEditorPro.jar;C\:\\Program Files\\Temenos\\edgeConnect\\lib\\jaxrpc-spi.jar;C\:\\Program Files\\Temenos\\edgeConnect\\lib\\selenium-java-2.47.1.jar;C\:\\Program Files\\Temenos\\edgeConnect\\lib\\relaxngDatatype.jar;C\:\\Program Files\\Temenos\\edgeConnect\\lib\\flute.jar;C\:\\Program Files\\Temenos\\edgeConnect\\lib\\httpcore-4.3.2.jar;C\:\\Program Files\\Temenos\\edgeConnect\\lib\\jetty-security-9.0.4.jar;C\:\\Program Files\\Temenos\\edgeConnect\\lib\\javaee-api-6.0-4.jar;C\:\\Program Files\\Temenos\\edgeConnect\\lib\\sac.jar;C\:\\Program Files\\Temenos\\edgeConnect\\lib\\jacob.jar;C\:\\Program Files\\Temenos\\edgeConnect\\lib\\ant.jar;C\:\\Program Files\\Temenos\\edgeConnect\\lib\\xercesImpl.jar;C\:\\Program Files\\Temenos\\edgeConnect\\lib\\commons-collections-3.2.1.jar;C\:\\Program Files\\Temenos\\edgeConnect\\lib\\cssparser-0.9.7.jar;C\:\\Program Files\\Temenos\\edgeConnect\\lib\\jxl-2.6.9.1.4.jar;C\:\\Program Files\\Temenos\\edgeConnect\\lib\\jetty-io-9.0.4.jar;C\:\\Program Files\\Temenos\\edgeConnect\\lib\\jcommon-1.0.16.jar;C\:\\Program Files\\Temenos\\edgeConnect\\lib\\commons-io-2.4.jar;C\:\\Program Files\\Temenos\\edgeConnect\\lib\\jaxr-impl.jar;C\:\\Program Files\\Temenos\\edgeConnect\\lib\\fesi.jar;C\:\\Program Files\\Temenos\\edgeConnect\\lib\\visualiser.jar;C\:\\Program Files\\Temenos\\edgeConnect\\lib\\y.jar;C\:\\Program Files\\Temenos\\edgeConnect\\lib\\xml-apis.jar;C\:\\Program Files\\Temenos\\edgeConnect\\lib\\jetty-webapp-9.0.4.jar;C\:\\Program Files\\Temenos\\edgeConnect\\lib\\saaj-api.jar;C\:\\Program Files\\Temenos\\edgeConnect\\lib\\ant-launcher.jar;C\:\\Program Files\\Temenos\\edgeConnect\\lib\\openejb-client-4.5.1.jar;C\:\\Program Files\\Temenos\\edgeConnect\\lib\\Acquire.jar;C\:\\Program Files\\Temenos\\edgeConnect\\jenkins\\jenkins.war;C\:\\Program Files\\Temenos\\edgeConnect\\lib\\httpclient-4.3.4.jar;C\:\\Program Files\\Temenos\\edgeConnect\\lib\\iText.jar;C\:\\Program Files\\Temenos\\edgeConnect\\lib\\XMLVC.jar;C\:\\Program Files\\Temenos\\edgeConnect\\lib\\jetty-jndi-9.0.4.jar;C\:\\Program Files\\Temenos\\edgeConnect\\lib\\serializer.jar;C\:\\Program Files\\Temenos\\edgeConnect\\lib\\commons-fileupload-1.2.2.jar;C\:\\Program Files\\Temenos\\edgeConnect\\lib\\jazzy-core-0.5.2.jar;C\:\\Program Files\\Temenos\\edgeConnect\\lib\\xalan.jar;C\:\\Program Files\\Temenos\\edgeConnect\\lib\\jaxrpc-impl.jar;C\:\\Program Files\\Temenos\\edgeConnect\\lib\\wsdl4j.jar;C\:\\Program Files\\Temenos\\edgeConnect\\lib\\org.eclipse.jgit-3.1.0.jar;C\:\\Program Files\\Temenos\\edgeConnect\\lib\\httpmime-4.3.4.jar;C\:\\Program Files\\Temenos\\edgeConnect\\lib\\rsyntaxtextarea.jar;C\:\\Program Files\\Temenos\\edgeConnect\\lib\\gson-2.3.1.jar;C\:\\Program Files\\Temenos\\edgeConnect\\lib\\FastInfoset.jar;C\:\\Program Files\\Temenos\\edgeConnect\\lib\\wsSecurity.jar;C\:\\Program Files\\Temenos\\edgeConnect\\lib\\ecTemenos.jar;C\:\\Program Files\\Temenos\\edgeConnect\\lib\\commons-codec-1.4.jar;C\:\\Program Files\\Temenos\\edgeConnect\\lib\\commons-lang3-3.3.2.jar;C\:\\Program Files\\Temenos\\edgeConnect\\lib\\core4j-0.5.jar;C\:\\Program Files\\Temenos\\edgeConnect\\lib\\jdom-2.0.2.jar;C\:\\Program Files\\Temenos\\edgeConnect\\lib\\joda-time-2.1.jar;C\:\\Program Files\\Temenos\\edgeConnect\\lib\\odata4j-core.jar;C\:\\Program Files\\Temenos\\edgeConnect\\lib\\odata4j-jersey.jar;C\:\\Program Files\\Temenos\\edgeConnect\\IDE\\lax.jar;
[echoproperties] java.class.version=51.0
[echoproperties] java.endorsed.dirs=C\:\\Program Files\\Temenos\\edgeConnect\\jre\\lib\\endorsed
[echoproperties] java.ext.dirs=C\:\\Program Files\\Temenos\\edgeConnect\\jre\\lib\\ext;C\:\\windows\\Sun\\Java\\lib\\ext
[echoproperties] java.home=C\:\\Program Files\\Temenos\\edgeConnect\\jre
[echoproperties] java.io.tmpdir=C\:\\Users\\MA767~1.DIA\\AppData\\Local\\Temp\\
[echoproperties] java.library.path=C\:\\Program Files\\Temenos\\edgeConnect\\jre\\bin;C\:\\windows\\Sun\\Java\\bin;C\:\\windows\\system32;C\:\\windows;C\:\\ProgramData\\Oracle\\Java\\javapath;C\:\\Program Files (x86)\\Intel\\iCLS Client\\;C\:\\Program Files\\Intel\\iCLS Client\\;C\:\\Program Files\\Broadcom\\Broadcom 802.11;C\:\\windows\\system32;C\:\\windows;C\:\\windows\\System32\\Wbem;C\:\\windows\\System32\\WindowsPowerShell\\v1.0\\;c\:\\Program Files\\WIDCOMM\\Bluetooth Software\\;c\:\\Program Files\\WIDCOMM\\Bluetooth Software\\syswow64;C\:\\Program Files (x86)\\Intel\\Intel(R) Management Engine Components\\DAL;C\:\\Program Files\\Intel\\Intel(R) Management Engine Components\\DAL;C\:\\Program Files (x86)\\Intel\\Intel(R) Management Engine Components\\IPT;C\:\\Program Files\\Intel\\Intel(R) Management Engine Components\\IPT;C\:\\Ruby23-x64\\bin;C\:\\Program Files\\MongoDB\\Server\\3.2\\bin;C\:\\EdgeServerCmd\\bin;C\:\\Program Files\\Git\\cmd;C\:\\Program Files (x86)\\Heroku\\bin;C\:\\Program Files (x86)\\git\\cmd;C\:\\Program Files (x86)\\Git\\cmd;C\:\\Program Files\\Temenos\\edgeConnect\\apache-ant-1.9.3\\bin;C\:\\Program Files (x86)\\Skype\\Phone\\;C\:\\Users\\m.diaz\\AppData\\Local\\Android\\android-sdk\\platform-tools;C\:\\Program Files\\nodejs\\;C\:\\Users\\m.diaz\\gradle\\gradle-2.10-all\\gradle-2.10\\bin;C\:\\Users\\m.diaz\\AppData\\Local\\atom\\bin;C\:\\Program Files (x86)\\Microsoft VS Code\\bin;C\:\\Users\\m.diaz\\AppData\\Roaming\\npm;.
[echoproperties] java.net.preferIPv4Stack=true
[echoproperties] java.runtime.name=Java(TM) SE Runtime Environment
[echoproperties] java.runtime.version=1.7.0_10-b18
[echoproperties] java.specification.name=Java Platform API Specification
[echoproperties] java.specification.vendor=Oracle Corporation
[echoproperties] java.specification.version=1.7
[echoproperties] java.vendor=Oracle Corporation
[echoproperties] java.vendor.url=http\://java.oracle.com/
[echoproperties] java.vendor.url.bug=http\://bugreport.sun.com/bugreport/
[echoproperties] java.version=1.7.0_10
[echoproperties] java.vm.info=mixed mode
[echoproperties] java.vm.name=Java HotSpot(TM) 64-Bit Server VM
[echoproperties] java.vm.specification.name=Java Virtual Machine Specification
[echoproperties] java.vm.specification.vendor=Oracle Corporation
[echoproperties] java.vm.specification.version=1.7
[echoproperties] java.vm.vendor=Oracle Corporation
[echoproperties] java.vm.version=23.6-b04
[echoproperties] jxl.nogc=true
[echoproperties] lax.application.name=Deployer.exe
[echoproperties] lax.class.path=../lib/jaxr-api.jar;../lib/servlet-api-3.0.jar;../lib/jetty-util-9.0.4.jar;../lib/json-20080701.jar;../lib/core-renderer.jar;../lib/jfreechart-1.0.13.jar;../lib/jetty-continuation-9.0.4.jar;../lib/commons-logging-1.1.1.jar;../lib/jawin.jar;../lib/ant-contrib-1.0b3.jar;../lib/jetty-server-9.0.4.jar;../lib/GCL.jar;../lib/activation.jar;../lib/mail.jar;../jenkins/slave.jar;../lib/jetty-http-9.0.4.jar;../lib/guava-13.0.1.jar;../lib/saaj-impl.jar;../lib/commons-exec-1.3.jar;../lib/jetty-xml-9.0.4.jar;../lib/saaj-coms.jar;../lib/jetty-servlet-9.0.4.jar;../lib/jdbm-0.12.jar;../lib/iforms.jar;../lib/jaxrpc-api.jar;../lib/HTMLEditorPro.jar;../lib/jaxrpc-spi.jar;../lib/selenium-java-2.47.1.jar;../lib/relaxngDatatype.jar;../lib/flute.jar;../lib/httpcore-4.3.2.jar;../lib/jetty-security-9.0.4.jar;../lib/javaee-api-6.0-4.jar;../lib/sac.jar;../lib/jacob.jar;../lib/ant.jar;../lib/xercesImpl.jar;../lib/commons-collections-3.2.1.jar;../lib/cssparser-0.9.7.jar;../lib/jxl-2.6.9.1.4.jar;../lib/jetty-io-9.0.4.jar;../lib/jcommon-1.0.16.jar;../lib/commons-io-2.4.jar;../lib/jaxr-impl.jar;../lib/fesi.jar;../lib/visualiser.jar;../lib/y.jar;../lib/xml-apis.jar;../lib/jetty-webapp-9.0.4.jar;../lib/saaj-api.jar;../lib/ant-launcher.jar;../lib/openejb-client-4.5.1.jar;../lib/Acquire.jar;../jenkins/jenkins.war;../lib/httpclient-4.3.4.jar;../lib/iText.jar;../lib/XMLVC.jar;../lib/jetty-jndi-9.0.4.jar;../lib/serializer.jar;../lib/commons-fileupload-1.2.2.jar;../lib/jazzy-core-0.5.2.jar;../lib/xalan.jar;../lib/jaxrpc-impl.jar;../lib/wsdl4j.jar;../lib/org.eclipse.jgit-3.1.0.jar;../lib/httpmime-4.3.4.jar;../lib/rsyntaxtextarea.jar;../lib/gson-2.3.1.jar;../lib/FastInfoset.jar;../lib/wsSecurity.jar;../lib/ecTemenos.jar;../lib/commons-codec-1.4.jar;../lib/commons-lang3-3.3.2.jar;../lib/core4j-0.5.jar;../lib/jdom-2.0.2.jar;../lib/joda-time-2.1.jar;../lib/odata4j-core.jar;../lib/odata4j-jersey.jar;;lax.jar
[echoproperties] lax.command.line.args=$CMD_LINE_ARGUMENTS$
[echoproperties] lax.dir=C\:\\Program Files\\Temenos\\edgeConnect\\IDE\\
[echoproperties] lax.main.class=com.acquire.intelligentforms.ide.deployment.DeploymentIDE
[echoproperties] lax.main.method=main
[echoproperties] lax.nl.current.vm=C\:\\Program Files\\Temenos\\edgeConnect\\IDE\\..\\jre\\bin\\javaw.exe
[echoproperties] lax.nl.env.=\:\:\=\:\:\\
[echoproperties] lax.nl.env.ALLUSERSPROFILE=C\:\\ProgramData
[echoproperties] lax.nl.env.ANDROID_HOME=C\:\\Users\\m.diaz\\AppData\\Local\\Android\\android-sdk
[echoproperties] lax.nl.env.ANT_HOME=C\:\\Program Files\\Temenos\\edgeConnect\\apache-ant-1.9.3
[echoproperties] lax.nl.env.APPDATA=C\:\\Users\\m.diaz\\AppData\\Roaming
[echoproperties] lax.nl.env.COMMONPROGRAMFILES=C\:\\Program Files (x86)\\Common Files
[echoproperties] lax.nl.env.COMMONPROGRAMFILES(X86)=C\:\\Program Files (x86)\\Common Files
[echoproperties] lax.nl.env.COMMONPROGRAMW6432=C\:\\Program Files\\Common Files
[echoproperties] lax.nl.env.COMPUTERNAME=EZE1-LHP-B00744
[echoproperties] lax.nl.env.COMSPEC=C\:\\windows\\system32\\cmd.exe
[echoproperties] lax.nl.env.FPPUILANG=en-US
[echoproperties] lax.nl.env.FP_NO_HOST_CHECK=NO
[echoproperties] lax.nl.env.GRADLE_HOME=C\:\\Users\\m.diaz\\gradle\\gradle-2.10-all\\gradle-2.10
[echoproperties] lax.nl.env.HEROKUPATH=C\:\\Program Files (x86)\\Heroku
[echoproperties] lax.nl.env.HOMEDRIVE=C\:
[echoproperties] lax.nl.env.HOMEPATH=\\Users\\m.diaz
[echoproperties] lax.nl.env.JAVA_HOME=C\:\\Program Files\\Java\\jdk1.8.0_111
[echoproperties] lax.nl.env.JD2_HOME=C\:\\Users\\m.diaz\\AppData\\Local\\JDownloader 2.0
[echoproperties] lax.nl.env.JRE_HOME=C\:\\Program Files\\Java\\jre1.8.0_101
[echoproperties] lax.nl.env.LOCALAPPDATA=C\:\\Users\\m.diaz\\AppData\\Local
[echoproperties] lax.nl.env.LOGONSERVER=\\\\DC-EZE1-4
[echoproperties] lax.nl.env.NUMBER_OF_PROCESSORS=4
[echoproperties] lax.nl.env.ONLINESERVICES=Online Services
[echoproperties] lax.nl.env.OOBEUILANG=en-US
[echoproperties] lax.nl.env.OS=Windows_NT
[echoproperties] lax.nl.env.PATH=C\:\\ProgramData\\Oracle\\Java\\javapath;C\:\\Program Files (x86)\\Intel\\iCLS Client\\;C\:\\Program Files\\Intel\\iCLS Client\\;C\:\\Program Files\\Broadcom\\Broadcom 802.11;C\:\\windows\\system32;C\:\\windows;C\:\\windows\\System32\\Wbem;C\:\\windows\\System32\\WindowsPowerShell\\v1.0\\;c\:\\Program Files\\WIDCOMM\\Bluetooth Software\\;c\:\\Program Files\\WIDCOMM\\Bluetooth Software\\syswow64;C\:\\Program Files (x86)\\Intel\\Intel(R) Management Engine Components\\DAL;C\:\\Program Files\\Intel\\Intel(R) Management Engine Components\\DAL;C\:\\Program Files (x86)\\Intel\\Intel(R) Management Engine Components\\IPT;C\:\\Program Files\\Intel\\Intel(R) Management Engine Components\\IPT;C\:\\Ruby23-x64\\bin;C\:\\Program Files\\MongoDB\\Server\\3.2\\bin;C\:\\EdgeServerCmd\\bin;C\:\\Program Files\\Git\\cmd;C\:\\Program Files (x86)\\Heroku\\bin;C\:\\Program Files (x86)\\git\\cmd;C\:\\Program Files (x86)\\Git\\cmd;C\:\\Program Files\\Temenos\\edgeConnect\\apache-ant-1.9.3\\bin;C\:\\Program Files (x86)\\Skype\\Phone\\;C\:\\Users\\m.diaz\\AppData\\Local\\Android\\android-sdk\\platform-tools;C\:\\Program Files\\nodejs\\;C\:\\Users\\m.diaz\\gradle\\gradle-2.10-all\\gradle-2.10\\bin;C\:\\Users\\m.diaz\\AppData\\Local\\atom\\bin;C\:\\Program Files (x86)\\Microsoft VS Code\\bin;C\:\\Users\\m.diaz\\AppData\\Roaming\\npm
[echoproperties] lax.nl.env.PATHEXT=.COM;.EXE;.BAT;.CMD;.VBS;.VBE;.JS;.JSE;.WSF;.WSH;.MSC
[echoproperties] lax.nl.env.PLATFORMCODE=AN
[echoproperties] lax.nl.env.PROCESSOR_ARCHITECTURE=x86
[echoproperties] lax.nl.env.PROCESSOR_ARCHITEW6432=AMD64
[echoproperties] lax.nl.env.PROCESSOR_IDENTIFIER=Intel64 Family 6 Model 78 Stepping 3, GenuineIntel
[echoproperties] lax.nl.env.PROCESSOR_LEVEL=6
[echoproperties] lax.nl.env.PROCESSOR_REVISION=4e03
[echoproperties] lax.nl.env.PROGRAMDATA=C\:\\ProgramData
[echoproperties] lax.nl.env.PROGRAMFILES=C\:\\Program Files (x86)
[echoproperties] lax.nl.env.PROGRAMFILES(X86)=C\:\\Program Files (x86)
[echoproperties] lax.nl.env.PROGRAMW6432=C\:\\Program Files
[echoproperties] lax.nl.env.PSMODULEPATH=C\:\\windows\\system32\\WindowsPowerShell\\v1.0\\Modules\\
[echoproperties] lax.nl.env.PTSMINSTALLPATH_X86=c\:\\Program Files (x86)\\Hewlett-Packard\\HP ProtectTools Security Manager\\
[echoproperties] lax.nl.env.PUBLIC=C\:\\Users\\Public
[echoproperties] lax.nl.env.REGIONCODE=NA
[echoproperties] lax.nl.env.SESSIONNAME=Console
[echoproperties] lax.nl.env.SYSTEMDRIVE=C\:
[echoproperties] lax.nl.env.SYSTEMROOT=C\:\\windows
[echoproperties] lax.nl.env.TEMP=C\:\\Users\\MA767~1.DIA\\AppData\\Local\\Temp
[echoproperties] lax.nl.env.TMP=C\:\\Users\\MA767~1.DIA\\AppData\\Local\\Temp
[echoproperties] lax.nl.env.USERDNSDOMAIN=SYNAPSE.COM
[echoproperties] lax.nl.env.USERDOMAIN=SYNAPSE
[echoproperties] lax.nl.env.USERNAME=m.diaz
[echoproperties] lax.nl.env.USERPROFILE=C\:\\Users\\m.diaz
[echoproperties] lax.nl.env.VBOX_MSI_INSTALL_PATH=C\:\\Program Files\\Oracle\\VirtualBox\\
[echoproperties] lax.nl.env.WINDIR=C\:\\windows
[echoproperties] lax.nl.env.WINDOWS_TRACING_FLAGS=3
[echoproperties] lax.nl.env.WINDOWS_TRACING_LOGFILE=C\:\\BVTBin\\Tests\\installpackage\\csilogfile.log
[echoproperties] lax.nl.env.allusersprofile=C\:\\ProgramData
[echoproperties] lax.nl.env.android_home=C\:\\Users\\m.diaz\\AppData\\Local\\Android\\android-sdk
[echoproperties] lax.nl.env.ant_home=C\:\\Program Files\\Temenos\\edgeConnect\\apache-ant-1.9.3
[echoproperties] lax.nl.env.appdata=C\:\\Users\\m.diaz\\AppData\\Roaming
[echoproperties] lax.nl.env.commonprogramfiles=C\:\\Program Files (x86)\\Common Files
[echoproperties] lax.nl.env.commonprogramfiles(x86)=C\:\\Program Files (x86)\\Common Files
[echoproperties] lax.nl.env.commonprogramw6432=C\:\\Program Files\\Common Files
[echoproperties] lax.nl.env.computername=EZE1-LHP-B00744
[echoproperties] lax.nl.env.comspec=C\:\\windows\\system32\\cmd.exe
[echoproperties] lax.nl.env.exact_case.=\:\:\=\:\:\\
[echoproperties] lax.nl.env.exact_case.ALLUSERSPROFILE=C\:\\ProgramData
[echoproperties] lax.nl.env.exact_case.ANDROID_HOME=C\:\\Users\\m.diaz\\AppData\\Local\\Android\\android-sdk
[echoproperties] lax.nl.env.exact_case.ANT_HOME=C\:\\Program Files\\Temenos\\edgeConnect\\apache-ant-1.9.3
[echoproperties] lax.nl.env.exact_case.APPDATA=C\:\\Users\\m.diaz\\AppData\\Roaming
[echoproperties] lax.nl.env.exact_case.COMPUTERNAME=EZE1-LHP-B00744
[echoproperties] lax.nl.env.exact_case.ComSpec=C\:\\windows\\system32\\cmd.exe
[echoproperties] lax.nl.env.exact_case.CommonProgramFiles=C\:\\Program Files (x86)\\Common Files
[echoproperties] lax.nl.env.exact_case.CommonProgramFiles(x86)=C\:\\Program Files (x86)\\Common Files
[echoproperties] lax.nl.env.exact_case.CommonProgramW6432=C\:\\Program Files\\Common Files
[echoproperties] lax.nl.env.exact_case.FPPUILang=en-US
[echoproperties] lax.nl.env.exact_case.FP_NO_HOST_CHECK=NO
[echoproperties] lax.nl.env.exact_case.GRADLE_HOME=C\:\\Users\\m.diaz\\gradle\\gradle-2.10-all\\gradle-2.10
[echoproperties] lax.nl.env.exact_case.HOMEDRIVE=C\:
[echoproperties] lax.nl.env.exact_case.HOMEPATH=\\Users\\m.diaz
[echoproperties] lax.nl.env.exact_case.HerokuPath=C\:\\Program Files (x86)\\Heroku
[echoproperties] lax.nl.env.exact_case.JAVA_HOME=C\:\\Program Files\\Java\\jdk1.8.0_111
[echoproperties] lax.nl.env.exact_case.JD2_HOME=C\:\\Users\\m.diaz\\AppData\\Local\\JDownloader 2.0
[echoproperties] lax.nl.env.exact_case.JRE_HOME=C\:\\Program Files\\Java\\jre1.8.0_101
[echoproperties] lax.nl.env.exact_case.LOCALAPPDATA=C\:\\Users\\m.diaz\\AppData\\Local
[echoproperties] lax.nl.env.exact_case.LOGONSERVER=\\\\DC-EZE1-4
[echoproperties] lax.nl.env.exact_case.NUMBER_OF_PROCESSORS=4
[echoproperties] lax.nl.env.exact_case.OOBEUILang=en-US
[echoproperties] lax.nl.env.exact_case.OS=Windows_NT
[echoproperties] lax.nl.env.exact_case.OnlineServices=Online Services
[echoproperties] lax.nl.env.exact_case.PATHEXT=.COM;.EXE;.BAT;.CMD;.VBS;.VBE;.JS;.JSE;.WSF;.WSH;.MSC
[echoproperties] lax.nl.env.exact_case.PROCESSOR_ARCHITECTURE=x86
[echoproperties] lax.nl.env.exact_case.PROCESSOR_ARCHITEW6432=AMD64
[echoproperties] lax.nl.env.exact_case.PROCESSOR_IDENTIFIER=Intel64 Family 6 Model 78 Stepping 3, GenuineIntel
[echoproperties] lax.nl.env.exact_case.PROCESSOR_LEVEL=6
[echoproperties] lax.nl.env.exact_case.PROCESSOR_REVISION=4e03
[echoproperties] lax.nl.env.exact_case.PSModulePath=C\:\\windows\\system32\\WindowsPowerShell\\v1.0\\Modules\\
[echoproperties] lax.nl.env.exact_case.PTSMINSTALLPATH_X86=c\:\\Program Files (x86)\\Hewlett-Packard\\HP ProtectTools Security Manager\\
[echoproperties] lax.nl.env.exact_case.PUBLIC=C\:\\Users\\Public
[echoproperties] lax.nl.env.exact_case.Path=C\:\\ProgramData\\Oracle\\Java\\javapath;C\:\\Program Files (x86)\\Intel\\iCLS Client\\;C\:\\Program Files\\Intel\\iCLS Client\\;C\:\\Program Files\\Broadcom\\Broadcom 802.11;C\:\\windows\\system32;C\:\\windows;C\:\\windows\\System32\\Wbem;C\:\\windows\\System32\\WindowsPowerShell\\v1.0\\;c\:\\Program Files\\WIDCOMM\\Bluetooth Software\\;c\:\\Program Files\\WIDCOMM\\Bluetooth Software\\syswow64;C\:\\Program Files (x86)\\Intel\\Intel(R) Management Engine Components\\DAL;C\:\\Program Files\\Intel\\Intel(R) Management Engine Components\\DAL;C\:\\Program Files (x86)\\Intel\\Intel(R) Management Engine Components\\IPT;C\:\\Program Files\\Intel\\Intel(R) Management Engine Components\\IPT;C\:\\Ruby23-x64\\bin;C\:\\Program Files\\MongoDB\\Server\\3.2\\bin;C\:\\EdgeServerCmd\\bin;C\:\\Program Files\\Git\\cmd;C\:\\Program Files (x86)\\Heroku\\bin;C\:\\Program Files (x86)\\git\\cmd;C\:\\Program Files (x86)\\Git\\cmd;C\:\\Program Files\\Temenos\\edgeConnect\\apache-ant-1.9.3\\bin;C\:\\Program Files (x86)\\Skype\\Phone\\;C\:\\Users\\m.diaz\\AppData\\Local\\Android\\android-sdk\\platform-tools;C\:\\Program Files\\nodejs\\;C\:\\Users\\m.diaz\\gradle\\gradle-2.10-all\\gradle-2.10\\bin;C\:\\Users\\m.diaz\\AppData\\Local\\atom\\bin;C\:\\Program Files (x86)\\Microsoft VS Code\\bin;C\:\\Users\\m.diaz\\AppData\\Roaming\\npm
[echoproperties] lax.nl.env.exact_case.ProgramData=C\:\\ProgramData
[echoproperties] lax.nl.env.exact_case.ProgramFiles=C\:\\Program Files (x86)
[echoproperties] lax.nl.env.exact_case.ProgramFiles(x86)=C\:\\Program Files (x86)
[echoproperties] lax.nl.env.exact_case.ProgramW6432=C\:\\Program Files
[echoproperties] lax.nl.env.exact_case.RegionCode=NA
[echoproperties] lax.nl.env.exact_case.SESSIONNAME=Console
[echoproperties] lax.nl.env.exact_case.SystemDrive=C\:
[echoproperties] lax.nl.env.exact_case.SystemRoot=C\:\\windows
[echoproperties] lax.nl.env.exact_case.TEMP=C\:\\Users\\MA767~1.DIA\\AppData\\Local\\Temp
[echoproperties] lax.nl.env.exact_case.TMP=C\:\\Users\\MA767~1.DIA\\AppData\\Local\\Temp
[echoproperties] lax.nl.env.exact_case.USERDNSDOMAIN=SYNAPSE.COM
[echoproperties] lax.nl.env.exact_case.USERDOMAIN=SYNAPSE
[echoproperties] lax.nl.env.exact_case.USERNAME=m.diaz
[echoproperties] lax.nl.env.exact_case.USERPROFILE=C\:\\Users\\m.diaz
[echoproperties] lax.nl.env.exact_case.VBOX_MSI_INSTALL_PATH=C\:\\Program Files\\Oracle\\VirtualBox\\
[echoproperties] lax.nl.env.exact_case.platformcode=AN
[echoproperties] lax.nl.env.exact_case.windir=C\:\\windows
[echoproperties] lax.nl.env.exact_case.windows_tracing_flags=3
[echoproperties] lax.nl.env.exact_case.windows_tracing_logfile=C\:\\BVTBin\\Tests\\installpackage\\csilogfile.log
[echoproperties] lax.nl.env.fp_no_host_check=NO
[echoproperties] lax.nl.env.fppuilang=en-US
[echoproperties] lax.nl.env.gradle_home=C\:\\Users\\m.diaz\\gradle\\gradle-2.10-all\\gradle-2.10
[echoproperties] lax.nl.env.herokupath=C\:\\Program Files (x86)\\Heroku
[echoproperties] lax.nl.env.homedrive=C\:
[echoproperties] lax.nl.env.homepath=\\Users\\m.diaz
[echoproperties] lax.nl.env.java_home=C\:\\Program Files\\Java\\jdk1.8.0_111
[echoproperties] lax.nl.env.jd2_home=C\:\\Users\\m.diaz\\AppData\\Local\\JDownloader 2.0
[echoproperties] lax.nl.env.jre_home=C\:\\Program Files\\Java\\jre1.8.0_101
[echoproperties] lax.nl.env.localappdata=C\:\\Users\\m.diaz\\AppData\\Local
[echoproperties] lax.nl.env.logonserver=\\\\DC-EZE1-4
[echoproperties] lax.nl.env.number_of_processors=4
[echoproperties] lax.nl.env.onlineservices=Online Services
[echoproperties] lax.nl.env.oobeuilang=en-US
[echoproperties] lax.nl.env.os=Windows_NT
[echoproperties] lax.nl.env.path=C\:\\ProgramData\\Oracle\\Java\\javapath;C\:\\Program Files (x86)\\Intel\\iCLS Client\\;C\:\\Program Files\\Intel\\iCLS Client\\;C\:\\Program Files\\Broadcom\\Broadcom 802.11;C\:\\windows\\system32;C\:\\windows;C\:\\windows\\System32\\Wbem;C\:\\windows\\System32\\WindowsPowerShell\\v1.0\\;c\:\\Program Files\\WIDCOMM\\Bluetooth Software\\;c\:\\Program Files\\WIDCOMM\\Bluetooth Software\\syswow64;C\:\\Program Files (x86)\\Intel\\Intel(R) Management Engine Components\\DAL;C\:\\Program Files\\Intel\\Intel(R) Management Engine Components\\DAL;C\:\\Program Files (x86)\\Intel\\Intel(R) Management Engine Components\\IPT;C\:\\Program Files\\Intel\\Intel(R) Management Engine Components\\IPT;C\:\\Ruby23-x64\\bin;C\:\\Program Files\\MongoDB\\Server\\3.2\\bin;C\:\\EdgeServerCmd\\bin;C\:\\Program Files\\Git\\cmd;C\:\\Program Files (x86)\\Heroku\\bin;C\:\\Program Files (x86)\\git\\cmd;C\:\\Program Files (x86)\\Git\\cmd;C\:\\Program Files\\Temenos\\edgeConnect\\apache-ant-1.9.3\\bin;C\:\\Program Files (x86)\\Skype\\Phone\\;C\:\\Users\\m.diaz\\AppData\\Local\\Android\\android-sdk\\platform-tools;C\:\\Program Files\\nodejs\\;C\:\\Users\\m.diaz\\gradle\\gradle-2.10-all\\gradle-2.10\\bin;C\:\\Users\\m.diaz\\AppData\\Local\\atom\\bin;C\:\\Program Files (x86)\\Microsoft VS Code\\bin;C\:\\Users\\m.diaz\\AppData\\Roaming\\npm
[echoproperties] lax.nl.env.pathext=.COM;.EXE;.BAT;.CMD;.VBS;.VBE;.JS;.JSE;.WSF;.WSH;.MSC
[echoproperties] lax.nl.env.platformcode=AN
[echoproperties] lax.nl.env.processor_architecture=x86
[echoproperties] lax.nl.env.processor_architew6432=AMD64
[echoproperties] lax.nl.env.processor_identifier=Intel64 Family 6 Model 78 Stepping 3, GenuineIntel
[echoproperties] lax.nl.env.processor_level=6
[echoproperties] lax.nl.env.processor_revision=4e03
[echoproperties] lax.nl.env.programdata=C\:\\ProgramData
[echoproperties] lax.nl.env.programfiles=C\:\\Program Files (x86)
[echoproperties] lax.nl.env.programfiles(x86)=C\:\\Program Files (x86)
[echoproperties] lax.nl.env.programw6432=C\:\\Program Files
[echoproperties] lax.nl.env.psmodulepath=C\:\\windows\\system32\\WindowsPowerShell\\v1.0\\Modules\\
[echoproperties] lax.nl.env.ptsminstallpath_x86=c\:\\Program Files (x86)\\Hewlett-Packard\\HP ProtectTools Security Manager\\
[echoproperties] lax.nl.env.public=C\:\\Users\\Public
[echoproperties] lax.nl.env.regioncode=NA
[echoproperties] lax.nl.env.sessionname=Console
[echoproperties] lax.nl.env.systemdrive=C\:
[echoproperties] lax.nl.env.systemroot=C\:\\windows
[echoproperties] lax.nl.env.temp=C\:\\Users\\MA767~1.DIA\\AppData\\Local\\Temp
[echoproperties] lax.nl.env.tmp=C\:\\Users\\MA767~1.DIA\\AppData\\Local\\Temp
[echoproperties] lax.nl.env.userdnsdomain=SYNAPSE.COM
[echoproperties] lax.nl.env.userdomain=SYNAPSE
[echoproperties] lax.nl.env.username=m.diaz
[echoproperties] lax.nl.env.userprofile=C\:\\Users\\m.diaz
[echoproperties] lax.nl.env.vbox_msi_install_path=C\:\\Program Files\\Oracle\\VirtualBox\\
[echoproperties] lax.nl.env.windir=C\:\\windows
[echoproperties] lax.nl.env.windows_tracing_flags=3
[echoproperties] lax.nl.env.windows_tracing_logfile=C\:\\BVTBin\\Tests\\installpackage\\csilogfile.log
[echoproperties] lax.nl.java.launcher.main.class=com.zerog.lax.LAX
[echoproperties] lax.nl.java.launcher.main.method=main
[echoproperties] lax.nl.java.option.additional=-XX\:PermSize\=256m -XX\:MaxPermSize\=256m -Djxl.nogc\=true -Dsun.io.serialization.extendedDebugInfo\=true -Dsun.java2d.d3d\=false -Djava.net.preferIPv4Stack\=true -Duser.country\=GB -Duser.language\=en 
[echoproperties] lax.nl.java.option.java.heap.size.initial=67108864
[echoproperties] lax.nl.java.option.java.heap.size.max=1073741824
[echoproperties] lax.nl.valid.vm.list=1.6+
[echoproperties] lax.nl.win32.java.launcher.platform=0
[echoproperties] lax.nl.win32.microsoftvm.min.version=2750
[echoproperties] lax.root.install.dir=C\:\\Program Files\\Temenos\\edgeConnect
[echoproperties] lax.stderr.redirect=
[echoproperties] lax.stdin.redirect=
[echoproperties] lax.stdout.redirect=
[echoproperties] lax.user.dir=.
[echoproperties] lax.version=17.0
[echoproperties] line.separator=\r\n
[echoproperties] offlinePages=C\:/Users/m.diaz/edgeConnectV5.4/RTE/Projects/BanescoTCMB/VE/TCMB/Solutions/RetailMobile/hybrid/offline
[echoproperties] org.w3c.css.sac.parser=com.steadystate.css.parser.SACParserCSS21
[echoproperties] os.arch=amd64
[echoproperties] os.name=Windows 7
[echoproperties] os.version=6.1
[echoproperties] packageName=C\:/Users/m.diaz/edgeConnectV5.4/RTE/Projects/BanescoTCMB/VE/TCMB/Solutions/RetailMobile/hybrid/sources.jar
[echoproperties] path.separator=;
[echoproperties] sourceDir=C\:/Users/m.diaz/edgeConnectV5.4/RTE/Projects/BanescoTCMB/VE/TCMB/Solutions/RetailMobile
[echoproperties] sun.arch.data.model=64
[echoproperties] sun.awt.enableExtraMouseButtons=true
[echoproperties] sun.boot.class.path=C\:\\Program Files\\Temenos\\edgeConnect\\jre\\lib\\resources.jar;C\:\\Program Files\\Temenos\\edgeConnect\\jre\\lib\\rt.jar;C\:\\Program Files\\Temenos\\edgeConnect\\jre\\lib\\sunrsasign.jar;C\:\\Program Files\\Temenos\\edgeConnect\\jre\\lib\\jsse.jar;C\:\\Program Files\\Temenos\\edgeConnect\\jre\\lib\\jce.jar;C\:\\Program Files\\Temenos\\edgeConnect\\jre\\lib\\charsets.jar;C\:\\Program Files\\Temenos\\edgeConnect\\jre\\lib\\jfr.jar;C\:\\Program Files\\Temenos\\edgeConnect\\jre\\classes
[echoproperties] sun.boot.library.path=C\:\\Program Files\\Temenos\\edgeConnect\\jre\\bin
[echoproperties] sun.cpu.endian=little
[echoproperties] sun.cpu.isalist=amd64
[echoproperties] sun.desktop=windows
[echoproperties] sun.io.serialization.extendedDebugInfo=true
[echoproperties] sun.io.unicode.encoding=UnicodeLittle
[echoproperties] sun.java.command=com.zerog.lax.LAX C\:/Program Files/Temenos/edgeConnect/IDE/Deployer.lax C\:/Users/m.diaz/AppData/Local/Temp/laxB591.tmp
[echoproperties] sun.java.launcher=SUN_STANDARD
[echoproperties] sun.java2d.d3d=false
[echoproperties] sun.jnu.encoding=Cp1252
[echoproperties] sun.management.compiler=HotSpot 64-Bit Tiered Compilers
[echoproperties] sun.os.patch.level=Service Pack 1
[echoproperties] user.country=GB
[echoproperties] user.dir=C\:\\Program Files\\Temenos\\edgeConnect\\IDE
[echoproperties] user.home=C\:\\Users\\m.diaz
[echoproperties] user.language=en
[echoproperties] user.name=m.diaz
[echoproperties] user.script=
[echoproperties] user.timezone=America/Buenos_Aires
[echoproperties] user.variant=
[echoproperties] versionedFilesInclusions=images/**/*.gif,images/**/*.jpg,images/**/*.png,images/**/*.css,images/**/*.js,images/**/*.html,images/**/*.ttf,images/**/*.woff,html/**/*.gif,html/**/*.jpg,html/**/*.png,html/**/*.css,html/**/*.js,html/**/*.html,html/**/*.ttf,html/**/*.woff,hybrid/**/*.gif,hybrid/**/*.jpg,hybrid/**/*.png,hybrid/**/*.css,hybrid/**/*.js,hybrid/**/*.html,hybrid/**/*.ttf,hybrid/**/*.woff
[echoproperties] windowsMessages=C\:/Users/m.diaz/edgeConnectV5.4/RTE/Projects/BanescoTCMB/VE/TCMB/Solutions/RetailMobile/hybrid/windows/messages
[echoproperties] wp8Messages=C\:/Users/m.diaz/edgeConnectV5.4/RTE/Projects/BanescoTCMB/VE/TCMB/Solutions/RetailMobile/hybrid/wp8/messages

package:
      [zip] Building zip: C:\Users\m.diaz\edgeConnectV5.4\RTE\Projects\BanescoTCMB\VE\TCMB\Solutions\RetailMobile\hybrid\sources.jar

packageAndroid:
      [zip] Updating zip: C:\Users\m.diaz\edgeConnectV5.4\RTE\Projects\BanescoTCMB\VE\TCMB\Solutions\RetailMobile\hybrid\sources.jar

packageIOS:

packageWP8:

packageWindows:

BUILD SUCCESSFUL
Total time: 6 seconds
