
echoInputs:
[echoproperties] #Ant properties
[echoproperties] #Tue Apr 18 10:04:42 CST 2017
[echoproperties] androidCertificate=C\:/BanescoTCMB/VE/TCMB/Solutions/RetailMobile/hybrid/android/certificates/keystore
[echoproperties] androidMessages=C\:/BanescoTCMB/VE/TCMB/Solutions/RetailMobile/hybrid/android/messages
[echoproperties] androidResources=C\:/BanescoTCMB/VE/TCMB/Solutions/RetailMobile/hybrid/android/res
[echoproperties] ant.core.lib=C\:\\edgeConnect\\5.4.1__11\\lib\\ant.jar
[echoproperties] ant.file=C\:\\edgeConnect\\5.4.1__11\\IDE\\.\\hybriddeploy.xml
[echoproperties] ant.file.Packager=C\:\\edgeConnect\\5.4.1__11\\IDE\\hybriddeploy.xml
[echoproperties] ant.file.type.Packager=file
[echoproperties] ant.java.version=1.7
[echoproperties] ant.project.default-target=package
[echoproperties] ant.project.name=Packager
[echoproperties] ant.version=Apache Ant(TM) version 1.8.4 compiled on May 22 2012
[echoproperties] awt.toolkit=sun.awt.windows.WToolkit
[echoproperties] basedir=C\:\\edgeConnect\\5.4.1__11\\IDE
[echoproperties] connectidedir=.
[echoproperties] connectuseridedir=C\:/edgeConnect/5.4.1__11/IDE
[echoproperties] cordovaPlugins=C\:/BanescoTCMB/VE/TCMB/Solutions/RetailMobile/hybrid/cordovaPlugins
[echoproperties] file.encoding=Cp1252
[echoproperties] file.encoding.pkg=sun.io
[echoproperties] file.separator=\\
[echoproperties] iosMessages=C\:/BanescoTCMB/VE/TCMB/Solutions/RetailMobile/hybrid/ios/messages
[echoproperties] java.awt.graphicsenv=sun.awt.Win32GraphicsEnvironment
[echoproperties] java.awt.printerjob=sun.awt.windows.WPrinterJob
[echoproperties] java.class.path=C\:\\edgeConnect\\5.4.1__11\\lib\\jaxr-api.jar;C\:\\edgeConnect\\5.4.1__11\\lib\\servlet-api-3.0.jar;C\:\\edgeConnect\\5.4.1__11\\lib\\jetty-util-9.0.4.jar;C\:\\edgeConnect\\5.4.1__11\\lib\\json-20080701.jar;C\:\\edgeConnect\\5.4.1__11\\lib\\core-renderer.jar;C\:\\edgeConnect\\5.4.1__11\\lib\\jfreechart-1.0.13.jar;C\:\\edgeConnect\\5.4.1__11\\lib\\jetty-continuation-9.0.4.jar;C\:\\edgeConnect\\5.4.1__11\\lib\\commons-logging-1.1.1.jar;C\:\\edgeConnect\\5.4.1__11\\lib\\jawin.jar;C\:\\edgeConnect\\5.4.1__11\\lib\\ant-contrib-1.0b3.jar;C\:\\edgeConnect\\5.4.1__11\\lib\\jetty-server-9.0.4.jar;C\:\\edgeConnect\\5.4.1__11\\lib\\GCL.jar;C\:\\edgeConnect\\5.4.1__11\\lib\\activation.jar;C\:\\edgeConnect\\5.4.1__11\\lib\\mail.jar;C\:\\edgeConnect\\5.4.1__11\\jenkins\\slave.jar;C\:\\edgeConnect\\5.4.1__11\\lib\\jetty-http-9.0.4.jar;C\:\\edgeConnect\\5.4.1__11\\lib\\guava-13.0.1.jar;C\:\\edgeConnect\\5.4.1__11\\lib\\saaj-impl.jar;C\:\\edgeConnect\\5.4.1__11\\lib\\commons-exec-1.3.jar;C\:\\edgeConnect\\5.4.1__11\\lib\\jetty-xml-9.0.4.jar;C\:\\edgeConnect\\5.4.1__11\\lib\\saaj-coms.jar;C\:\\edgeConnect\\5.4.1__11\\lib\\jetty-servlet-9.0.4.jar;C\:\\edgeConnect\\5.4.1__11\\lib\\jdbm-0.12.jar;C\:\\edgeConnect\\5.4.1__11\\lib\\iforms.jar;C\:\\edgeConnect\\5.4.1__11\\lib\\jaxrpc-api.jar;C\:\\edgeConnect\\5.4.1__11\\lib\\HTMLEditorPro.jar;C\:\\edgeConnect\\5.4.1__11\\lib\\jaxrpc-spi.jar;C\:\\edgeConnect\\5.4.1__11\\lib\\selenium-java-2.47.1.jar;C\:\\edgeConnect\\5.4.1__11\\lib\\relaxngDatatype.jar;C\:\\edgeConnect\\5.4.1__11\\lib\\flute.jar;C\:\\edgeConnect\\5.4.1__11\\lib\\httpcore-4.3.2.jar;C\:\\edgeConnect\\5.4.1__11\\lib\\jetty-security-9.0.4.jar;C\:\\edgeConnect\\5.4.1__11\\lib\\javaee-api-6.0-4.jar;C\:\\edgeConnect\\5.4.1__11\\lib\\sac.jar;C\:\\edgeConnect\\5.4.1__11\\lib\\jacob.jar;C\:\\edgeConnect\\5.4.1__11\\lib\\ant.jar;C\:\\edgeConnect\\5.4.1__11\\lib\\xercesImpl.jar;C\:\\edgeConnect\\5.4.1__11\\lib\\commons-collections-3.2.1.jar;C\:\\edgeConnect\\5.4.1__11\\lib\\cssparser-0.9.7.jar;C\:\\edgeConnect\\5.4.1__11\\lib\\jxl-2.6.9.1.4.jar;C\:\\edgeConnect\\5.4.1__11\\lib\\jetty-io-9.0.4.jar;C\:\\edgeConnect\\5.4.1__11\\lib\\jcommon-1.0.16.jar;C\:\\edgeConnect\\5.4.1__11\\lib\\commons-io-2.4.jar;C\:\\edgeConnect\\5.4.1__11\\lib\\jaxr-impl.jar;C\:\\edgeConnect\\5.4.1__11\\lib\\fesi.jar;C\:\\edgeConnect\\5.4.1__11\\lib\\visualiser.jar;C\:\\edgeConnect\\5.4.1__11\\lib\\y.jar;C\:\\edgeConnect\\5.4.1__11\\lib\\xml-apis.jar;C\:\\edgeConnect\\5.4.1__11\\lib\\jetty-webapp-9.0.4.jar;C\:\\edgeConnect\\5.4.1__11\\lib\\saaj-api.jar;C\:\\edgeConnect\\5.4.1__11\\lib\\ant-launcher.jar;C\:\\edgeConnect\\5.4.1__11\\lib\\openejb-client-4.5.1.jar;C\:\\edgeConnect\\5.4.1__11\\lib\\Acquire.jar;C\:\\edgeConnect\\5.4.1__11\\jenkins\\jenkins.war;C\:\\edgeConnect\\5.4.1__11\\lib\\httpclient-4.3.4.jar;C\:\\edgeConnect\\5.4.1__11\\lib\\iText.jar;C\:\\edgeConnect\\5.4.1__11\\lib\\XMLVC.jar;C\:\\edgeConnect\\5.4.1__11\\lib\\jetty-jndi-9.0.4.jar;C\:\\edgeConnect\\5.4.1__11\\lib\\serializer.jar;C\:\\edgeConnect\\5.4.1__11\\lib\\commons-fileupload-1.3.2.jar;C\:\\edgeConnect\\5.4.1__11\\lib\\jazzy-core-0.5.2.jar;C\:\\edgeConnect\\5.4.1__11\\lib\\xalan.jar;C\:\\edgeConnect\\5.4.1__11\\lib\\jaxrpc-impl.jar;C\:\\edgeConnect\\5.4.1__11\\lib\\wsdl4j.jar;C\:\\edgeConnect\\5.4.1__11\\lib\\org.eclipse.jgit-3.1.0.jar;C\:\\edgeConnect\\5.4.1__11\\lib\\httpmime-4.3.4.jar;C\:\\edgeConnect\\5.4.1__11\\lib\\rsyntaxtextarea.jar;C\:\\edgeConnect\\5.4.1__11\\lib\\gson-2.3.1.jar;C\:\\edgeConnect\\5.4.1__11\\lib\\FastInfoset.jar;C\:\\edgeConnect\\5.4.1__11\\lib\\wsSecurity.jar;C\:\\edgeConnect\\5.4.1__11\\lib\\ecTemenos.jar;C\:\\edgeConnect\\5.4.1__11\\lib\\commons-codec-1.4.jar;C\:\\edgeConnect\\5.4.1__11\\lib\\commons-lang3-3.3.2.jar;C\:\\edgeConnect\\5.4.1__11\\lib\\core4j-0.5.jar;C\:\\edgeConnect\\5.4.1__11\\lib\\jdom-2.0.2.jar;C\:\\edgeConnect\\5.4.1__11\\lib\\joda-time-2.1.jar;C\:\\edgeConnect\\5.4.1__11\\lib\\odata4j-core.jar;C\:\\edgeConnect\\5.4.1__11\\lib\\odata4j-jersey.jar;C\:\\edgeConnect\\5.4.1__11\\IDE\\lax.jar;
[echoproperties] java.class.version=51.0
[echoproperties] java.endorsed.dirs=C\:\\edgeConnect\\5.4.1__11\\jre\\lib\\endorsed
[echoproperties] java.ext.dirs=C\:\\edgeConnect\\5.4.1__11\\jre\\lib\\ext;C\:\\WINDOWS\\Sun\\Java\\lib\\ext
[echoproperties] java.home=C\:\\edgeConnect\\5.4.1__11\\jre
[echoproperties] java.io.tmpdir=C\:\\Users\\URATHE~1\\AppData\\Local\\Temp\\
[echoproperties] java.library.path=C\:\\edgeConnect\\5.4.1__11\\jre\\bin;C\:\\WINDOWS\\Sun\\Java\\bin;C\:\\WINDOWS\\system32;C\:\\WINDOWS;C\:\\oraclexe\\app\\oracle\\product\\11.2.0\\server\\bin;C\:\\ProgramData\\Oracle\\Java\\javapath;C\:\\Windows\\System32;C\:\\Windows\\System32\\wbem;C\:\\Windows\\SysWOW64;C\:\\Android\\android-sdk\\platform-tools;C\:\\oraclexe\\app\\oracle\\product\\11.2.0\\server\\bin;C\:\\nodejs\\;C\:\\Program Files\\MySQL\\MySQL Server 5.5\\bin;C\:\\Java\\jdk1.8.0_102\\bin;C\:\\Program Files (x86)\\Skype\\Phone\\;C\:\\Git\\cmd;C\:\\private\\SOFTWARES\\Axis\\axis2-1.5.3\\bin;C\:\\edgeConnect\\5.3.2__13\\apache-ant-1.9.3\\bin;C\:\\Adobe\\PhoneGap\\PhoneGap Desktop;C\:\\Users\\uratheesh\\AppData\\Roaming\\npm;C\:\\private\\SOFTWARES\\db-derby-10.10.2.0-bin\\bin;C\:\\Java\\jdk1.8.0_102\\bin;C\:\\private\\SOFTWARES\\gradle-3.1\\bin;C\:\\private\\SOFTWARES\\java_ee_sdk-7u2\\glassfish4\\bin;C\:\\private\\SOFTWARES\\curl;C\:\\private\\SOFTWARES\\apache-maven-3.0.5\\bin;C\:\\Git\\bin;.
[echoproperties] java.net.preferIPv4Stack=true
[echoproperties] java.runtime.name=Java(TM) SE Runtime Environment
[echoproperties] java.runtime.version=1.7.0_10-b18
[echoproperties] java.specification.name=Java Platform API Specification
[echoproperties] java.specification.vendor=Oracle Corporation
[echoproperties] java.specification.version=1.7
[echoproperties] java.vendor=Oracle Corporation
[echoproperties] java.vendor.url=http\://java.oracle.com/
[echoproperties] java.vendor.url.bug=http\://bugreport.sun.com/bugreport/
[echoproperties] java.version=1.7.0_10
[echoproperties] java.vm.info=mixed mode
[echoproperties] java.vm.name=Java HotSpot(TM) 64-Bit Server VM
[echoproperties] java.vm.specification.name=Java Virtual Machine Specification
[echoproperties] java.vm.specification.vendor=Oracle Corporation
[echoproperties] java.vm.specification.version=1.7
[echoproperties] java.vm.vendor=Oracle Corporation
[echoproperties] java.vm.version=23.6-b04
[echoproperties] jxl.nogc=true
[echoproperties] lax.application.name=Deployer.exe
[echoproperties] lax.class.path=../lib/jaxr-api.jar;../lib/servlet-api-3.0.jar;../lib/jetty-util-9.0.4.jar;../lib/json-20080701.jar;../lib/core-renderer.jar;../lib/jfreechart-1.0.13.jar;../lib/jetty-continuation-9.0.4.jar;../lib/commons-logging-1.1.1.jar;../lib/jawin.jar;../lib/ant-contrib-1.0b3.jar;../lib/jetty-server-9.0.4.jar;../lib/GCL.jar;../lib/activation.jar;../lib/mail.jar;../jenkins/slave.jar;../lib/jetty-http-9.0.4.jar;../lib/guava-13.0.1.jar;../lib/saaj-impl.jar;../lib/commons-exec-1.3.jar;../lib/jetty-xml-9.0.4.jar;../lib/saaj-coms.jar;../lib/jetty-servlet-9.0.4.jar;../lib/jdbm-0.12.jar;../lib/iforms.jar;../lib/jaxrpc-api.jar;../lib/HTMLEditorPro.jar;../lib/jaxrpc-spi.jar;../lib/selenium-java-2.47.1.jar;../lib/relaxngDatatype.jar;../lib/flute.jar;../lib/httpcore-4.3.2.jar;../lib/jetty-security-9.0.4.jar;../lib/javaee-api-6.0-4.jar;../lib/sac.jar;../lib/jacob.jar;../lib/ant.jar;../lib/xercesImpl.jar;../lib/commons-collections-3.2.1.jar;../lib/cssparser-0.9.7.jar;../lib/jxl-2.6.9.1.4.jar;../lib/jetty-io-9.0.4.jar;../lib/jcommon-1.0.16.jar;../lib/commons-io-2.4.jar;../lib/jaxr-impl.jar;../lib/fesi.jar;../lib/visualiser.jar;../lib/y.jar;../lib/xml-apis.jar;../lib/jetty-webapp-9.0.4.jar;../lib/saaj-api.jar;../lib/ant-launcher.jar;../lib/openejb-client-4.5.1.jar;../lib/Acquire.jar;../jenkins/jenkins.war;../lib/httpclient-4.3.4.jar;../lib/iText.jar;../lib/XMLVC.jar;../lib/jetty-jndi-9.0.4.jar;../lib/serializer.jar;../lib/commons-fileupload-1.3.2.jar;../lib/jazzy-core-0.5.2.jar;../lib/xalan.jar;../lib/jaxrpc-impl.jar;../lib/wsdl4j.jar;../lib/org.eclipse.jgit-3.1.0.jar;../lib/httpmime-4.3.4.jar;../lib/rsyntaxtextarea.jar;../lib/gson-2.3.1.jar;../lib/FastInfoset.jar;../lib/wsSecurity.jar;../lib/ecTemenos.jar;../lib/commons-codec-1.4.jar;../lib/commons-lang3-3.3.2.jar;../lib/core4j-0.5.jar;../lib/jdom-2.0.2.jar;../lib/joda-time-2.1.jar;../lib/odata4j-core.jar;../lib/odata4j-jersey.jar;;lax.jar
[echoproperties] lax.command.line.args=$CMD_LINE_ARGUMENTS$
[echoproperties] lax.dir=C\:\\edgeConnect\\5.4.1__11\\IDE\\
[echoproperties] lax.main.class=com.acquire.intelligentforms.ide.deployment.DeploymentIDE
[echoproperties] lax.main.method=main
[echoproperties] lax.nl.current.vm=C\:\\edgeConnect\\5.4.1__11\\IDE\\..\\jre\\bin\\javaw.exe
[echoproperties] lax.nl.env.=\:\:\=\:\:\\
[echoproperties] lax.nl.env.ALLUSERSPROFILE=C\:\\ProgramData
[echoproperties] lax.nl.env.ANDROID_HOME=C\:\\Android\\android-sdk
[echoproperties] lax.nl.env.ANT_HOME=C\:\\edgeConnect\\5.3.2__13\\apache-ant-1.9.3
[echoproperties] lax.nl.env.APPDATA=C\:\\Users\\uratheesh\\AppData\\Roaming
[echoproperties] lax.nl.env.ASL.LOG=Destination\=file
[echoproperties] lax.nl.env.AXIS_HOME=C\:\\private\\SOFTWARES\\Axis\\axis2-1.5.3
[echoproperties] lax.nl.env.CLASSPATH=C\:\\private\\SOFTWARES\\Axis\\axis2-1.5.3\\lib;
[echoproperties] lax.nl.env.COMMONPROGRAMFILES=C\:\\Program Files (x86)\\Common Files
[echoproperties] lax.nl.env.COMMONPROGRAMFILES(X86)=C\:\\Program Files (x86)\\Common Files
[echoproperties] lax.nl.env.COMMONPROGRAMW6432=C\:\\Program Files\\Common Files
[echoproperties] lax.nl.env.COMPUTERNAME=NSAL97WRQ32
[echoproperties] lax.nl.env.COMSPEC=C\:\\WINDOWS\\system32\\cmd.exe
[echoproperties] lax.nl.env.DERBY_HOME=C\:\\private\\SOFTWARES\\db-derby-10.10.2.0-bin
[echoproperties] lax.nl.env.FP_NO_HOST_CHECK=NO
[echoproperties] lax.nl.env.GLASSFISH_HOME=C\:\\private\\SOFTWARES\\java_ee_sdk-7u2\\glassfish4
[echoproperties] lax.nl.env.GRADLE_HOME=C\:\\private\\SOFTWARES\\gradle-3.1
[echoproperties] lax.nl.env.HOMEDRIVE=C\:
[echoproperties] lax.nl.env.HOMEPATH=\\Users\\uratheesh
[echoproperties] lax.nl.env.JAVA_HOME=C\:\\Java\\jdk1.8.0_102
[echoproperties] lax.nl.env.JBCGLOBALDIR=c\:\\TAFC\\R15
[echoproperties] lax.nl.env.LOCALAPPDATA=C\:\\Users\\uratheesh\\AppData\\Local
[echoproperties] lax.nl.env.LOGONSERVER=\\\\ORLDC1
[echoproperties] lax.nl.env.M2_HOME=C\:\\private\\SOFTWARES\\apache-maven-3.0.5
[echoproperties] lax.nl.env.NUMBER_OF_PROCESSORS=4
[echoproperties] lax.nl.env.ORACLE_HOME=C\:\\oraclexe\\app\\oracle\\product\\11.2.0\\server
[echoproperties] lax.nl.env.OS=Windows_NT
[echoproperties] lax.nl.env.PATH=C\:\\oraclexe\\app\\oracle\\product\\11.2.0\\server\\bin;C\:\\ProgramData\\Oracle\\Java\\javapath;C\:\\Windows\\System32;C\:\\Windows\\System32\\wbem;C\:\\Windows\\SysWOW64;C\:\\Android\\android-sdk\\platform-tools;C\:\\oraclexe\\app\\oracle\\product\\11.2.0\\server\\bin;C\:\\nodejs\\;C\:\\Program Files\\MySQL\\MySQL Server 5.5\\bin;C\:\\Java\\jdk1.8.0_102\\bin;C\:\\Program Files (x86)\\Skype\\Phone\\;C\:\\Git\\cmd;C\:\\private\\SOFTWARES\\Axis\\axis2-1.5.3\\bin;C\:\\edgeConnect\\5.3.2__13\\apache-ant-1.9.3\\bin;C\:\\Adobe\\PhoneGap\\PhoneGap Desktop;C\:\\Users\\uratheesh\\AppData\\Roaming\\npm;C\:\\private\\SOFTWARES\\db-derby-10.10.2.0-bin\\bin;C\:\\Java\\jdk1.8.0_102\\bin;C\:\\private\\SOFTWARES\\gradle-3.1\\bin;C\:\\private\\SOFTWARES\\java_ee_sdk-7u2\\glassfish4\\bin;C\:\\private\\SOFTWARES\\curl;C\:\\private\\SOFTWARES\\apache-maven-3.0.5\\bin;C\:\\Git\\bin
[echoproperties] lax.nl.env.PATHEXT=.COM;.EXE;.BAT;.CMD;.VBS;.VBE;.JS;.JSE;.WSF;.WSH;.MSC
[echoproperties] lax.nl.env.PROCESSOR_ARCHITECTURE=x86
[echoproperties] lax.nl.env.PROCESSOR_ARCHITEW6432=AMD64
[echoproperties] lax.nl.env.PROCESSOR_IDENTIFIER=Intel64 Family 6 Model 61 Stepping 4, GenuineIntel
[echoproperties] lax.nl.env.PROCESSOR_LEVEL=6
[echoproperties] lax.nl.env.PROCESSOR_REVISION=3d04
[echoproperties] lax.nl.env.PROGRAMDATA=C\:\\ProgramData
[echoproperties] lax.nl.env.PROGRAMFILES=C\:\\Program Files (x86)
[echoproperties] lax.nl.env.PROGRAMFILES(X86)=C\:\\Program Files (x86)
[echoproperties] lax.nl.env.PROGRAMW6432=C\:\\Program Files
[echoproperties] lax.nl.env.PSMODULEPATH=C\:\\WINDOWS\\system32\\WindowsPowerShell\\v1.0\\Modules\\
[echoproperties] lax.nl.env.PUBLIC=C\:\\Users\\Public
[echoproperties] lax.nl.env.SESSIONNAME=Console
[echoproperties] lax.nl.env.SYSTEMDRIVE=C\:
[echoproperties] lax.nl.env.SYSTEMROOT=C\:\\WINDOWS
[echoproperties] lax.nl.env.TEMP=C\:\\Users\\URATHE~1\\AppData\\Local\\Temp
[echoproperties] lax.nl.env.TMP=C\:\\Users\\URATHE~1\\AppData\\Local\\Temp
[echoproperties] lax.nl.env.UATDATA=C\:\\WINDOWS\\CCM\\UATData\\D9F8C395-CAB8-491d-B8AC-179A1FE1BE77
[echoproperties] lax.nl.env.USERDNSDOMAIN=AMERICAS.TEMENOSGROUP.COM
[echoproperties] lax.nl.env.USERDOMAIN=AMERICAS
[echoproperties] lax.nl.env.USERNAME=uratheesh
[echoproperties] lax.nl.env.USERPROFILE=C\:\\Users\\uratheesh
[echoproperties] lax.nl.env.WINDIR=C\:\\WINDOWS
[echoproperties] lax.nl.env.allusersprofile=C\:\\ProgramData
[echoproperties] lax.nl.env.android_home=C\:\\Android\\android-sdk
[echoproperties] lax.nl.env.ant_home=C\:\\edgeConnect\\5.3.2__13\\apache-ant-1.9.3
[echoproperties] lax.nl.env.appdata=C\:\\Users\\uratheesh\\AppData\\Roaming
[echoproperties] lax.nl.env.asl.log=Destination\=file
[echoproperties] lax.nl.env.axis_home=C\:\\private\\SOFTWARES\\Axis\\axis2-1.5.3
[echoproperties] lax.nl.env.classpath=C\:\\private\\SOFTWARES\\Axis\\axis2-1.5.3\\lib;
[echoproperties] lax.nl.env.commonprogramfiles=C\:\\Program Files (x86)\\Common Files
[echoproperties] lax.nl.env.commonprogramfiles(x86)=C\:\\Program Files (x86)\\Common Files
[echoproperties] lax.nl.env.commonprogramw6432=C\:\\Program Files\\Common Files
[echoproperties] lax.nl.env.computername=NSAL97WRQ32
[echoproperties] lax.nl.env.comspec=C\:\\WINDOWS\\system32\\cmd.exe
[echoproperties] lax.nl.env.derby_home=C\:\\private\\SOFTWARES\\db-derby-10.10.2.0-bin
[echoproperties] lax.nl.env.exact_case.=\:\:\=\:\:\\
[echoproperties] lax.nl.env.exact_case.ALLUSERSPROFILE=C\:\\ProgramData
[echoproperties] lax.nl.env.exact_case.ANDROID_HOME=C\:\\Android\\android-sdk
[echoproperties] lax.nl.env.exact_case.ANT_HOME=C\:\\edgeConnect\\5.3.2__13\\apache-ant-1.9.3
[echoproperties] lax.nl.env.exact_case.APPDATA=C\:\\Users\\uratheesh\\AppData\\Roaming
[echoproperties] lax.nl.env.exact_case.AXIS_HOME=C\:\\private\\SOFTWARES\\Axis\\axis2-1.5.3
[echoproperties] lax.nl.env.exact_case.COMPUTERNAME=NSAL97WRQ32
[echoproperties] lax.nl.env.exact_case.ComSpec=C\:\\WINDOWS\\system32\\cmd.exe
[echoproperties] lax.nl.env.exact_case.CommonProgramFiles=C\:\\Program Files (x86)\\Common Files
[echoproperties] lax.nl.env.exact_case.CommonProgramFiles(x86)=C\:\\Program Files (x86)\\Common Files
[echoproperties] lax.nl.env.exact_case.CommonProgramW6432=C\:\\Program Files\\Common Files
[echoproperties] lax.nl.env.exact_case.DERBY_HOME=C\:\\private\\SOFTWARES\\db-derby-10.10.2.0-bin
[echoproperties] lax.nl.env.exact_case.FP_NO_HOST_CHECK=NO
[echoproperties] lax.nl.env.exact_case.GLASSFISH_HOME=C\:\\private\\SOFTWARES\\java_ee_sdk-7u2\\glassfish4
[echoproperties] lax.nl.env.exact_case.GRADLE_HOME=C\:\\private\\SOFTWARES\\gradle-3.1
[echoproperties] lax.nl.env.exact_case.HOMEDRIVE=C\:
[echoproperties] lax.nl.env.exact_case.HOMEPATH=\\Users\\uratheesh
[echoproperties] lax.nl.env.exact_case.JAVA_HOME=C\:\\Java\\jdk1.8.0_102
[echoproperties] lax.nl.env.exact_case.JBCGLOBALDIR=c\:\\TAFC\\R15
[echoproperties] lax.nl.env.exact_case.LOCALAPPDATA=C\:\\Users\\uratheesh\\AppData\\Local
[echoproperties] lax.nl.env.exact_case.LOGONSERVER=\\\\ORLDC1
[echoproperties] lax.nl.env.exact_case.M2_HOME=C\:\\private\\SOFTWARES\\apache-maven-3.0.5
[echoproperties] lax.nl.env.exact_case.NUMBER_OF_PROCESSORS=4
[echoproperties] lax.nl.env.exact_case.ORACLE_HOME=C\:\\oraclexe\\app\\oracle\\product\\11.2.0\\server
[echoproperties] lax.nl.env.exact_case.OS=Windows_NT
[echoproperties] lax.nl.env.exact_case.PATHEXT=.COM;.EXE;.BAT;.CMD;.VBS;.VBE;.JS;.JSE;.WSF;.WSH;.MSC
[echoproperties] lax.nl.env.exact_case.PROCESSOR_ARCHITECTURE=x86
[echoproperties] lax.nl.env.exact_case.PROCESSOR_ARCHITEW6432=AMD64
[echoproperties] lax.nl.env.exact_case.PROCESSOR_IDENTIFIER=Intel64 Family 6 Model 61 Stepping 4, GenuineIntel
[echoproperties] lax.nl.env.exact_case.PROCESSOR_LEVEL=6
[echoproperties] lax.nl.env.exact_case.PROCESSOR_REVISION=3d04
[echoproperties] lax.nl.env.exact_case.PSModulePath=C\:\\WINDOWS\\system32\\WindowsPowerShell\\v1.0\\Modules\\
[echoproperties] lax.nl.env.exact_case.PUBLIC=C\:\\Users\\Public
[echoproperties] lax.nl.env.exact_case.Path=C\:\\oraclexe\\app\\oracle\\product\\11.2.0\\server\\bin;C\:\\ProgramData\\Oracle\\Java\\javapath;C\:\\Windows\\System32;C\:\\Windows\\System32\\wbem;C\:\\Windows\\SysWOW64;C\:\\Android\\android-sdk\\platform-tools;C\:\\oraclexe\\app\\oracle\\product\\11.2.0\\server\\bin;C\:\\nodejs\\;C\:\\Program Files\\MySQL\\MySQL Server 5.5\\bin;C\:\\Java\\jdk1.8.0_102\\bin;C\:\\Program Files (x86)\\Skype\\Phone\\;C\:\\Git\\cmd;C\:\\private\\SOFTWARES\\Axis\\axis2-1.5.3\\bin;C\:\\edgeConnect\\5.3.2__13\\apache-ant-1.9.3\\bin;C\:\\Adobe\\PhoneGap\\PhoneGap Desktop;C\:\\Users\\uratheesh\\AppData\\Roaming\\npm;C\:\\private\\SOFTWARES\\db-derby-10.10.2.0-bin\\bin;C\:\\Java\\jdk1.8.0_102\\bin;C\:\\private\\SOFTWARES\\gradle-3.1\\bin;C\:\\private\\SOFTWARES\\java_ee_sdk-7u2\\glassfish4\\bin;C\:\\private\\SOFTWARES\\curl;C\:\\private\\SOFTWARES\\apache-maven-3.0.5\\bin;C\:\\Git\\bin
[echoproperties] lax.nl.env.exact_case.ProgramData=C\:\\ProgramData
[echoproperties] lax.nl.env.exact_case.ProgramFiles=C\:\\Program Files (x86)
[echoproperties] lax.nl.env.exact_case.ProgramFiles(x86)=C\:\\Program Files (x86)
[echoproperties] lax.nl.env.exact_case.ProgramW6432=C\:\\Program Files
[echoproperties] lax.nl.env.exact_case.SESSIONNAME=Console
[echoproperties] lax.nl.env.exact_case.SystemDrive=C\:
[echoproperties] lax.nl.env.exact_case.SystemRoot=C\:\\WINDOWS
[echoproperties] lax.nl.env.exact_case.TEMP=C\:\\Users\\URATHE~1\\AppData\\Local\\Temp
[echoproperties] lax.nl.env.exact_case.TMP=C\:\\Users\\URATHE~1\\AppData\\Local\\Temp
[echoproperties] lax.nl.env.exact_case.UATDATA=C\:\\WINDOWS\\CCM\\UATData\\D9F8C395-CAB8-491d-B8AC-179A1FE1BE77
[echoproperties] lax.nl.env.exact_case.USERDNSDOMAIN=AMERICAS.TEMENOSGROUP.COM
[echoproperties] lax.nl.env.exact_case.USERDOMAIN=AMERICAS
[echoproperties] lax.nl.env.exact_case.USERNAME=uratheesh
[echoproperties] lax.nl.env.exact_case.USERPROFILE=C\:\\Users\\uratheesh
[echoproperties] lax.nl.env.exact_case.asl.log=Destination\=file
[echoproperties] lax.nl.env.exact_case.classpath=C\:\\private\\SOFTWARES\\Axis\\axis2-1.5.3\\lib;
[echoproperties] lax.nl.env.exact_case.windir=C\:\\WINDOWS
[echoproperties] lax.nl.env.fp_no_host_check=NO
[echoproperties] lax.nl.env.glassfish_home=C\:\\private\\SOFTWARES\\java_ee_sdk-7u2\\glassfish4
[echoproperties] lax.nl.env.gradle_home=C\:\\private\\SOFTWARES\\gradle-3.1
[echoproperties] lax.nl.env.homedrive=C\:
[echoproperties] lax.nl.env.homepath=\\Users\\uratheesh
[echoproperties] lax.nl.env.java_home=C\:\\Java\\jdk1.8.0_102
[echoproperties] lax.nl.env.jbcglobaldir=c\:\\TAFC\\R15
[echoproperties] lax.nl.env.localappdata=C\:\\Users\\uratheesh\\AppData\\Local
[echoproperties] lax.nl.env.logonserver=\\\\ORLDC1
[echoproperties] lax.nl.env.m2_home=C\:\\private\\SOFTWARES\\apache-maven-3.0.5
[echoproperties] lax.nl.env.number_of_processors=4
[echoproperties] lax.nl.env.oracle_home=C\:\\oraclexe\\app\\oracle\\product\\11.2.0\\server
[echoproperties] lax.nl.env.os=Windows_NT
[echoproperties] lax.nl.env.path=C\:\\oraclexe\\app\\oracle\\product\\11.2.0\\server\\bin;C\:\\ProgramData\\Oracle\\Java\\javapath;C\:\\Windows\\System32;C\:\\Windows\\System32\\wbem;C\:\\Windows\\SysWOW64;C\:\\Android\\android-sdk\\platform-tools;C\:\\oraclexe\\app\\oracle\\product\\11.2.0\\server\\bin;C\:\\nodejs\\;C\:\\Program Files\\MySQL\\MySQL Server 5.5\\bin;C\:\\Java\\jdk1.8.0_102\\bin;C\:\\Program Files (x86)\\Skype\\Phone\\;C\:\\Git\\cmd;C\:\\private\\SOFTWARES\\Axis\\axis2-1.5.3\\bin;C\:\\edgeConnect\\5.3.2__13\\apache-ant-1.9.3\\bin;C\:\\Adobe\\PhoneGap\\PhoneGap Desktop;C\:\\Users\\uratheesh\\AppData\\Roaming\\npm;C\:\\private\\SOFTWARES\\db-derby-10.10.2.0-bin\\bin;C\:\\Java\\jdk1.8.0_102\\bin;C\:\\private\\SOFTWARES\\gradle-3.1\\bin;C\:\\private\\SOFTWARES\\java_ee_sdk-7u2\\glassfish4\\bin;C\:\\private\\SOFTWARES\\curl;C\:\\private\\SOFTWARES\\apache-maven-3.0.5\\bin;C\:\\Git\\bin
[echoproperties] lax.nl.env.pathext=.COM;.EXE;.BAT;.CMD;.VBS;.VBE;.JS;.JSE;.WSF;.WSH;.MSC
[echoproperties] lax.nl.env.processor_architecture=x86
[echoproperties] lax.nl.env.processor_architew6432=AMD64
[echoproperties] lax.nl.env.processor_identifier=Intel64 Family 6 Model 61 Stepping 4, GenuineIntel
[echoproperties] lax.nl.env.processor_level=6
[echoproperties] lax.nl.env.processor_revision=3d04
[echoproperties] lax.nl.env.programdata=C\:\\ProgramData
[echoproperties] lax.nl.env.programfiles=C\:\\Program Files (x86)
[echoproperties] lax.nl.env.programfiles(x86)=C\:\\Program Files (x86)
[echoproperties] lax.nl.env.programw6432=C\:\\Program Files
[echoproperties] lax.nl.env.psmodulepath=C\:\\WINDOWS\\system32\\WindowsPowerShell\\v1.0\\Modules\\
[echoproperties] lax.nl.env.public=C\:\\Users\\Public
[echoproperties] lax.nl.env.sessionname=Console
[echoproperties] lax.nl.env.systemdrive=C\:
[echoproperties] lax.nl.env.systemroot=C\:\\WINDOWS
[echoproperties] lax.nl.env.temp=C\:\\Users\\URATHE~1\\AppData\\Local\\Temp
[echoproperties] lax.nl.env.tmp=C\:\\Users\\URATHE~1\\AppData\\Local\\Temp
[echoproperties] lax.nl.env.uatdata=C\:\\WINDOWS\\CCM\\UATData\\D9F8C395-CAB8-491d-B8AC-179A1FE1BE77
[echoproperties] lax.nl.env.userdnsdomain=AMERICAS.TEMENOSGROUP.COM
[echoproperties] lax.nl.env.userdomain=AMERICAS
[echoproperties] lax.nl.env.username=uratheesh
[echoproperties] lax.nl.env.userprofile=C\:\\Users\\uratheesh
[echoproperties] lax.nl.env.windir=C\:\\WINDOWS
[echoproperties] lax.nl.java.launcher.main.class=com.zerog.lax.LAX
[echoproperties] lax.nl.java.launcher.main.method=main
[echoproperties] lax.nl.java.option.additional=-XX\:PermSize\=256m -XX\:MaxPermSize\=256m -Djxl.nogc\=true -Dsun.io.serialization.extendedDebugInfo\=true -Dsun.java2d.d3d\=false -Djava.net.preferIPv4Stack\=true -Duser.country\=GB -Duser.language\=en 
[echoproperties] lax.nl.java.option.java.heap.size.initial=67108864
[echoproperties] lax.nl.java.option.java.heap.size.max=1073741824
[echoproperties] lax.nl.valid.vm.list=1.6+
[echoproperties] lax.nl.win32.java.launcher.platform=0
[echoproperties] lax.nl.win32.microsoftvm.min.version=2750
[echoproperties] lax.root.install.dir=C\:\\edgeConnect\\5.4.1__11
[echoproperties] lax.stderr.redirect=
[echoproperties] lax.stdin.redirect=
[echoproperties] lax.stdout.redirect=
[echoproperties] lax.user.dir=.
[echoproperties] lax.version=17.0
[echoproperties] line.separator=\r\n
[echoproperties] offlinePages=C\:/BanescoTCMB/VE/TCMB/Solutions/RetailMobile/hybrid/offline
[echoproperties] org.w3c.css.sac.parser=com.steadystate.css.parser.SACParserCSS21
[echoproperties] os.arch=amd64
[echoproperties] os.name=Windows 7
[echoproperties] os.version=6.1
[echoproperties] packageName=C\:/BanescoTCMB/VE/TCMB/Solutions/RetailMobile/hybrid/sources.jar
[echoproperties] path.separator=;
[echoproperties] sourceDir=C\:/BanescoTCMB/VE/TCMB/Solutions/RetailMobile
[echoproperties] sun.arch.data.model=64
[echoproperties] sun.awt.enableExtraMouseButtons=true
[echoproperties] sun.boot.class.path=C\:\\edgeConnect\\5.4.1__11\\jre\\lib\\resources.jar;C\:\\edgeConnect\\5.4.1__11\\jre\\lib\\rt.jar;C\:\\edgeConnect\\5.4.1__11\\jre\\lib\\sunrsasign.jar;C\:\\edgeConnect\\5.4.1__11\\jre\\lib\\jsse.jar;C\:\\edgeConnect\\5.4.1__11\\jre\\lib\\jce.jar;C\:\\edgeConnect\\5.4.1__11\\jre\\lib\\charsets.jar;C\:\\edgeConnect\\5.4.1__11\\jre\\lib\\jfr.jar;C\:\\edgeConnect\\5.4.1__11\\jre\\classes
[echoproperties] sun.boot.library.path=C\:\\edgeConnect\\5.4.1__11\\jre\\bin
[echoproperties] sun.cpu.endian=little
[echoproperties] sun.cpu.isalist=amd64
[echoproperties] sun.desktop=windows
[echoproperties] sun.io.serialization.extendedDebugInfo=true
[echoproperties] sun.io.unicode.encoding=UnicodeLittle
[echoproperties] sun.java.command=com.zerog.lax.LAX C\:/edgeConnect/5.4.1__11/IDE/Deployer.lax C\:/Users/uratheesh/AppData/Local/Temp/laxBC02.tmp
[echoproperties] sun.java.launcher=SUN_STANDARD
[echoproperties] sun.java2d.d3d=false
[echoproperties] sun.jnu.encoding=Cp1252
[echoproperties] sun.management.compiler=HotSpot 64-Bit Tiered Compilers
[echoproperties] sun.os.patch.level=Service Pack 1
[echoproperties] user.country=GB
[echoproperties] user.dir=C\:\\edgeConnect\\5.4.1__11\\IDE
[echoproperties] user.home=C\:\\Users\\uratheesh
[echoproperties] user.language=en
[echoproperties] user.name=uratheesh
[echoproperties] user.script=
[echoproperties] user.timezone=America/Regina
[echoproperties] user.variant=
[echoproperties] versionedFilesInclusions=images/**/*.gif,images/**/*.jpg,images/**/*.png,images/**/*.css,images/**/*.js,images/**/*.html,images/**/*.ttf,images/**/*.woff,html/**/*.gif,html/**/*.jpg,html/**/*.png,html/**/*.css,html/**/*.js,html/**/*.html,html/**/*.ttf,html/**/*.woff,hybrid/**/*.gif,hybrid/**/*.jpg,hybrid/**/*.png,hybrid/**/*.css,hybrid/**/*.js,hybrid/**/*.html,hybrid/**/*.ttf,hybrid/**/*.woff
[echoproperties] windowsMessages=C\:/BanescoTCMB/VE/TCMB/Solutions/RetailMobile/hybrid/windows/messages
[echoproperties] wp8Messages=C\:/BanescoTCMB/VE/TCMB/Solutions/RetailMobile/hybrid/wp8/messages

package:
      [zip] Building zip: C:\BanescoTCMB\VE\TCMB\Solutions\RetailMobile\hybrid\sources.jar

packageAndroid:
      [zip] Updating zip: C:\BanescoTCMB\VE\TCMB\Solutions\RetailMobile\hybrid\sources.jar

packageIOS:

packageWP8:

packageWindows:

BUILD SUCCESSFUL
Total time: 2 seconds
